2018-05-31T15:16:22+00:00 CRITICAL Uncaught exception 'Exception' with message 'String could not be parsed as XML' in /home/sitedevoins/public_html/wp-content/plugins/insert-php-code-snippet/shortcode-handler.php(65) : eval()'d code:10
Stack trace:
#0 /home/sitedevoins/public_html/wp-content/plugins/insert-php-code-snippet/shortcode-handler.php(65) : eval()'d code(10): SimpleXMLElement->__construct('')
#1 /home/sitedevoins/public_html/wp-content/plugins/insert-php-code-snippet/shortcode-handler.php(65): eval()
#2 [internal function]: xyz_ips_display_content(Array, '', 'xyz-ips')
#3 /home/sitedevoins/public_html/wp-includes/shortcodes.php(319): call_user_func('xyz_ips_display...', Array, '', 'xyz-ips')
#4 [internal function]: do_shortcode_tag(Array)
#5 /home/sitedevoins/public_html/wp-includes/shortcodes.php(197): preg_replace_callback('/\\[(\\[?)(xyz\\-i...', 'do_shortcode_ta...', '[xyz-ips snippe...')
#6 /home/sitedevoins/public_html/wp-content/plugins/popup-builder/classes/SGShortcodePopup.php(49): do_shortcode('[xyz-ips snippe...')
#7 /home

2018-05-31T15:42:38+00:00 CRITICAL Uncaught exception 'Exception' with message 'String could not be parsed as XML' in /home/sitedevoins/public_html/wp-content/plugins/insert-php-code-snippet/shortcode-handler.php(65) : eval()'d code:12
Stack trace:
#0 /home/sitedevoins/public_html/wp-content/plugins/insert-php-code-snippet/shortcode-handler.php(65) : eval()'d code(12): SimpleXMLElement->__construct('')
#1 /home/sitedevoins/public_html/wp-content/plugins/insert-php-code-snippet/shortcode-handler.php(65): eval()
#2 [internal function]: xyz_ips_display_content(Array, '', 'xyz-ips')
#3 /home/sitedevoins/public_html/wp-includes/shortcodes.php(319): call_user_func('xyz_ips_display...', Array, '', 'xyz-ips')
#4 [internal function]: do_shortcode_tag(Array)
#5 /home/sitedevoins/public_html/wp-includes/shortcodes.php(197): preg_replace_callback('/\\[(\\[?)(xyz\\-i...', 'do_shortcode_ta...', '[xyz-ips snippe...')
#6 /home/sitedevoins/public_html/wp-content/plugins/popup-builder/classes/SGShortcodePopup.php(49): do_shortcode('[xyz-ips snippe...')
#7 /home

2018-05-31T15:43:26+00:00 CRITICAL Uncaught exception 'Exception' with message 'String could not be parsed as XML' in /home/sitedevoins/public_html/wp-content/plugins/insert-php-code-snippet/shortcode-handler.php(65) : eval()'d code:12
Stack trace:
#0 /home/sitedevoins/public_html/wp-content/plugins/insert-php-code-snippet/shortcode-handler.php(65) : eval()'d code(12): SimpleXMLElement->__construct('')
#1 /home/sitedevoins/public_html/wp-content/plugins/insert-php-code-snippet/shortcode-handler.php(65): eval()
#2 [internal function]: xyz_ips_display_content(Array, '', 'xyz-ips')
#3 /home/sitedevoins/public_html/wp-includes/shortcodes.php(319): call_user_func('xyz_ips_display...', Array, '', 'xyz-ips')
#4 [internal function]: do_shortcode_tag(Array)
#5 /home/sitedevoins/public_html/wp-includes/shortcodes.php(197): preg_replace_callback('/\\[(\\[?)(xyz\\-i...', 'do_shortcode_ta...', '[xyz-ips snippe...')
#6 /home/sitedevoins/public_html/wp-content/plugins/popup-builder/classes/SGShortcodePopup.php(49): do_shortcode('[xyz-ips snippe...')
#7 /home

2018-05-31T15:43:30+00:00 CRITICAL Uncaught exception 'Exception' with message 'String could not be parsed as XML' in /home/sitedevoins/public_html/wp-content/plugins/insert-php-code-snippet/shortcode-handler.php(65) : eval()'d code:12
Stack trace:
#0 /home/sitedevoins/public_html/wp-content/plugins/insert-php-code-snippet/shortcode-handler.php(65) : eval()'d code(12): SimpleXMLElement->__construct('')
#1 /home/sitedevoins/public_html/wp-content/plugins/insert-php-code-snippet/shortcode-handler.php(65): eval()
#2 [internal function]: xyz_ips_display_content(Array, '', 'xyz-ips')
#3 /home/sitedevoins/public_html/wp-includes/shortcodes.php(319): call_user_func('xyz_ips_display...', Array, '', 'xyz-ips')
#4 [internal function]: do_shortcode_tag(Array)
#5 /home/sitedevoins/public_html/wp-includes/shortcodes.php(197): preg_replace_callback('/\\[(\\[?)(xyz\\-i...', 'do_shortcode_ta...', '[xyz-ips snippe...')
#6 /home/sitedevoins/public_html/wp-content/plugins/popup-builder/classes/SGShortcodePopup.php(49): do_shortcode('[xyz-ips snippe...')
#7 /home

2018-05-31T16:02:49+00:00 CRITICAL Uncaught exception 'Exception' with message 'String could not be parsed as XML' in /home/sitedevoins/public_html/wp-content/plugins/insert-php-code-snippet/shortcode-handler.php(65) : eval()'d code:12
Stack trace:
#0 /home/sitedevoins/public_html/wp-content/plugins/insert-php-code-snippet/shortcode-handler.php(65) : eval()'d code(12): SimpleXMLElement->__construct('')
#1 /home/sitedevoins/public_html/wp-content/plugins/insert-php-code-snippet/shortcode-handler.php(65): eval()
#2 [internal function]: xyz_ips_display_content(Array, '', 'xyz-ips')
#3 /home/sitedevoins/public_html/wp-includes/shortcodes.php(319): call_user_func('xyz_ips_display...', Array, '', 'xyz-ips')
#4 [internal function]: do_shortcode_tag(Array)
#5 /home/sitedevoins/public_html/wp-includes/shortcodes.php(197): preg_replace_callback('/\\[(\\[?)(xyz\\-i...', 'do_shortcode_ta...', '[xyz-ips snippe...')
#6 /home/sitedevoins/public_html/wp-content/plugins/popup-builder/classes/SGShortcodePopup.php(49): do_shortcode('[xyz-ips snippe...')
#7 /home

2018-05-31T16:02:54+00:00 CRITICAL Uncaught exception 'Exception' with message 'String could not be parsed as XML' in /home/sitedevoins/public_html/wp-content/plugins/insert-php-code-snippet/shortcode-handler.php(65) : eval()'d code:12
Stack trace:
#0 /home/sitedevoins/public_html/wp-content/plugins/insert-php-code-snippet/shortcode-handler.php(65) : eval()'d code(12): SimpleXMLElement->__construct('')
#1 /home/sitedevoins/public_html/wp-content/plugins/insert-php-code-snippet/shortcode-handler.php(65): eval()
#2 [internal function]: xyz_ips_display_content(Array, '', 'xyz-ips')
#3 /home/sitedevoins/public_html/wp-includes/shortcodes.php(319): call_user_func('xyz_ips_display...', Array, '', 'xyz-ips')
#4 [internal function]: do_shortcode_tag(Array)
#5 /home/sitedevoins/public_html/wp-includes/shortcodes.php(197): preg_replace_callback('/\\[(\\[?)(xyz\\-i...', 'do_shortcode_ta...', '[xyz-ips snippe...')
#6 /home/sitedevoins/public_html/wp-content/plugins/popup-builder/classes/SGShortcodePopup.php(49): do_shortcode('[xyz-ips snippe...')
#7 /home

2018-05-31T16:02:59+00:00 CRITICAL Uncaught exception 'Exception' with message 'String could not be parsed as XML' in /home/sitedevoins/public_html/wp-content/plugins/insert-php-code-snippet/shortcode-handler.php(65) : eval()'d code:12
Stack trace:
#0 /home/sitedevoins/public_html/wp-content/plugins/insert-php-code-snippet/shortcode-handler.php(65) : eval()'d code(12): SimpleXMLElement->__construct('')
#1 /home/sitedevoins/public_html/wp-content/plugins/insert-php-code-snippet/shortcode-handler.php(65): eval()
#2 [internal function]: xyz_ips_display_content(Array, '', 'xyz-ips')
#3 /home/sitedevoins/public_html/wp-includes/shortcodes.php(319): call_user_func('xyz_ips_display...', Array, '', 'xyz-ips')
#4 [internal function]: do_shortcode_tag(Array)
#5 /home/sitedevoins/public_html/wp-includes/shortcodes.php(197): preg_replace_callback('/\\[(\\[?)(xyz\\-i...', 'do_shortcode_ta...', '[xyz-ips snippe...')
#6 /home/sitedevoins/public_html/wp-content/plugins/popup-builder/classes/SGShortcodePopup.php(49): do_shortcode('[xyz-ips snippe...')
#7 /home

2018-05-31T16:04:46+00:00 CRITICAL Uncaught exception 'Exception' with message 'String could not be parsed as XML' in /home/sitedevoins/public_html/wp-content/plugins/insert-php-code-snippet/shortcode-handler.php(65) : eval()'d code:12
Stack trace:
#0 /home/sitedevoins/public_html/wp-content/plugins/insert-php-code-snippet/shortcode-handler.php(65) : eval()'d code(12): SimpleXMLElement->__construct('')
#1 /home/sitedevoins/public_html/wp-content/plugins/insert-php-code-snippet/shortcode-handler.php(65): eval()
#2 [internal function]: xyz_ips_display_content(Array, '', 'xyz-ips')
#3 /home/sitedevoins/public_html/wp-includes/shortcodes.php(319): call_user_func('xyz_ips_display...', Array, '', 'xyz-ips')
#4 [internal function]: do_shortcode_tag(Array)
#5 /home/sitedevoins/public_html/wp-includes/shortcodes.php(197): preg_replace_callback('/\\[(\\[?)(xyz\\-i...', 'do_shortcode_ta...', '[xyz-ips snippe...')
#6 /home/sitedevoins/public_html/wp-content/plugins/popup-builder/classes/SGShortcodePopup.php(49): do_shortcode('[xyz-ips snippe...')
#7 /home

2018-05-31T16:04:54+00:00 CRITICAL Uncaught exception 'Exception' with message 'String could not be parsed as XML' in /home/sitedevoins/public_html/wp-content/plugins/insert-php-code-snippet/shortcode-handler.php(65) : eval()'d code:12
Stack trace:
#0 /home/sitedevoins/public_html/wp-content/plugins/insert-php-code-snippet/shortcode-handler.php(65) : eval()'d code(12): SimpleXMLElement->__construct('')
#1 /home/sitedevoins/public_html/wp-content/plugins/insert-php-code-snippet/shortcode-handler.php(65): eval()
#2 [internal function]: xyz_ips_display_content(Array, '', 'xyz-ips')
#3 /home/sitedevoins/public_html/wp-includes/shortcodes.php(319): call_user_func('xyz_ips_display...', Array, '', 'xyz-ips')
#4 [internal function]: do_shortcode_tag(Array)
#5 /home/sitedevoins/public_html/wp-includes/shortcodes.php(197): preg_replace_callback('/\\[(\\[?)(xyz\\-i...', 'do_shortcode_ta...', '[xyz-ips snippe...')
#6 /home/sitedevoins/public_html/wp-content/plugins/popup-builder/classes/SGShortcodePopup.php(49): do_shortcode('[xyz-ips snippe...')
#7 /home

2018-05-31T16:05:59+00:00 CRITICAL Uncaught exception 'Exception' with message 'String could not be parsed as XML' in /home/sitedevoins/public_html/wp-content/plugins/insert-php-code-snippet/shortcode-handler.php(65) : eval()'d code:12
Stack trace:
#0 /home/sitedevoins/public_html/wp-content/plugins/insert-php-code-snippet/shortcode-handler.php(65) : eval()'d code(12): SimpleXMLElement->__construct('')
#1 /home/sitedevoins/public_html/wp-content/plugins/insert-php-code-snippet/shortcode-handler.php(65): eval()
#2 [internal function]: xyz_ips_display_content(Array, '', 'xyz-ips')
#3 /home/sitedevoins/public_html/wp-includes/shortcodes.php(319): call_user_func('xyz_ips_display...', Array, '', 'xyz-ips')
#4 [internal function]: do_shortcode_tag(Array)
#5 /home/sitedevoins/public_html/wp-includes/shortcodes.php(197): preg_replace_callback('/\\[(\\[?)(xyz\\-i...', 'do_shortcode_ta...', '[xyz-ips snippe...')
#6 /home/sitedevoins/public_html/wp-content/plugins/popup-builder/classes/SGShortcodePopup.php(49): do_shortcode('[xyz-ips snippe...')
#7 /home

2018-05-31T16:06:54+00:00 CRITICAL Uncaught exception 'Exception' with message 'String could not be parsed as XML' in /home/sitedevoins/public_html/wp-content/plugins/insert-php-code-snippet/shortcode-handler.php(65) : eval()'d code:12
Stack trace:
#0 /home/sitedevoins/public_html/wp-content/plugins/insert-php-code-snippet/shortcode-handler.php(65) : eval()'d code(12): SimpleXMLElement->__construct('')
#1 /home/sitedevoins/public_html/wp-content/plugins/insert-php-code-snippet/shortcode-handler.php(65): eval()
#2 [internal function]: xyz_ips_display_content(Array, '', 'xyz-ips')
#3 /home/sitedevoins/public_html/wp-includes/shortcodes.php(319): call_user_func('xyz_ips_display...', Array, '', 'xyz-ips')
#4 [internal function]: do_shortcode_tag(Array)
#5 /home/sitedevoins/public_html/wp-includes/shortcodes.php(197): preg_replace_callback('/\\[(\\[?)(xyz\\-i...', 'do_shortcode_ta...', '[xyz-ips snippe...')
#6 /home/sitedevoins/public_html/wp-content/plugins/popup-builder/classes/SGShortcodePopup.php(49): do_shortcode('[xyz-ips snippe...')
#7 /home

2018-05-31T16:49:01+00:00 CRITICAL Uncaught exception 'Exception' with message 'String could not be parsed as XML' in /home/sitedevoins/public_html/wp-content/plugins/insert-php-code-snippet/shortcode-handler.php(65) : eval()'d code:12
Stack trace:
#0 /home/sitedevoins/public_html/wp-content/plugins/insert-php-code-snippet/shortcode-handler.php(65) : eval()'d code(12): SimpleXMLElement->__construct('')
#1 /home/sitedevoins/public_html/wp-content/plugins/insert-php-code-snippet/shortcode-handler.php(65): eval()
#2 [internal function]: xyz_ips_display_content(Array, '', 'xyz-ips')
#3 /home/sitedevoins/public_html/wp-includes/shortcodes.php(319): call_user_func('xyz_ips_display...', Array, '', 'xyz-ips')
#4 [internal function]: do_shortcode_tag(Array)
#5 /home/sitedevoins/public_html/wp-includes/shortcodes.php(197): preg_replace_callback('/\\[(\\[?)(xyz\\-i...', 'do_shortcode_ta...', '[xyz-ips snippe...')
#6 /home/sitedevoins/public_html/wp-content/plugins/popup-builder/classes/SGShortcodePopup.php(49): do_shortcode('[xyz-ips snippe...')
#7 /home

2018-05-31T18:03:29+00:00 CRITICAL Uncaught exception 'Exception' with message 'String could not be parsed as XML' in /home/sitedevoins/public_html/wp-content/plugins/insert-php-code-snippet/shortcode-handler.php(65) : eval()'d code:12
Stack trace:
#0 /home/sitedevoins/public_html/wp-content/plugins/insert-php-code-snippet/shortcode-handler.php(65) : eval()'d code(12): SimpleXMLElement->__construct('')
#1 /home/sitedevoins/public_html/wp-content/plugins/insert-php-code-snippet/shortcode-handler.php(65): eval()
#2 [internal function]: xyz_ips_display_content(Array, '', 'xyz-ips')
#3 /home/sitedevoins/public_html/wp-includes/shortcodes.php(319): call_user_func('xyz_ips_display...', Array, '', 'xyz-ips')
#4 [internal function]: do_shortcode_tag(Array)
#5 /home/sitedevoins/public_html/wp-includes/shortcodes.php(197): preg_replace_callback('/\\[(\\[?)(xyz\\-i...', 'do_shortcode_ta...', '[xyz-ips snippe...')
#6 /home/sitedevoins/public_html/wp-content/plugins/popup-builder/classes/SGShortcodePopup.php(49): do_shortcode('[xyz-ips snippe...')
#7 /home

2018-05-31T18:14:44+00:00 CRITICAL Uncaught exception 'Exception' with message 'String could not be parsed as XML' in /home/sitedevoins/public_html/wp-content/plugins/insert-php-code-snippet/shortcode-handler.php(65) : eval()'d code:12
Stack trace:
#0 /home/sitedevoins/public_html/wp-content/plugins/insert-php-code-snippet/shortcode-handler.php(65) : eval()'d code(12): SimpleXMLElement->__construct('')
#1 /home/sitedevoins/public_html/wp-content/plugins/insert-php-code-snippet/shortcode-handler.php(65): eval()
#2 [internal function]: xyz_ips_display_content(Array, '', 'xyz-ips')
#3 /home/sitedevoins/public_html/wp-includes/shortcodes.php(319): call_user_func('xyz_ips_display...', Array, '', 'xyz-ips')
#4 [internal function]: do_shortcode_tag(Array)
#5 /home/sitedevoins/public_html/wp-includes/shortcodes.php(197): preg_replace_callback('/\\[(\\[?)(xyz\\-i...', 'do_shortcode_ta...', '[xyz-ips snippe...')
#6 /home/sitedevoins/public_html/wp-content/plugins/popup-builder/classes/SGShortcodePopup.php(49): do_shortcode('[xyz-ips snippe...')
#7 /home

2018-05-31T18:15:41+00:00 CRITICAL Uncaught exception 'Exception' with message 'String could not be parsed as XML' in /home/sitedevoins/public_html/wp-content/plugins/insert-php-code-snippet/shortcode-handler.php(65) : eval()'d code:12
Stack trace:
#0 /home/sitedevoins/public_html/wp-content/plugins/insert-php-code-snippet/shortcode-handler.php(65) : eval()'d code(12): SimpleXMLElement->__construct('')
#1 /home/sitedevoins/public_html/wp-content/plugins/insert-php-code-snippet/shortcode-handler.php(65): eval()
#2 [internal function]: xyz_ips_display_content(Array, '', 'xyz-ips')
#3 /home/sitedevoins/public_html/wp-includes/shortcodes.php(319): call_user_func('xyz_ips_display...', Array, '', 'xyz-ips')
#4 [internal function]: do_shortcode_tag(Array)
#5 /home/sitedevoins/public_html/wp-includes/shortcodes.php(197): preg_replace_callback('/\\[(\\[?)(xyz\\-i...', 'do_shortcode_ta...', '[xyz-ips snippe...')
#6 /home/sitedevoins/public_html/wp-content/plugins/popup-builder/classes/SGShortcodePopup.php(49): do_shortcode('[xyz-ips snippe...')
#7 /home

2018-05-31T18:16:25+00:00 CRITICAL Uncaught exception 'Exception' with message 'String could not be parsed as XML' in /home/sitedevoins/public_html/wp-content/plugins/insert-php-code-snippet/shortcode-handler.php(65) : eval()'d code:12
Stack trace:
#0 /home/sitedevoins/public_html/wp-content/plugins/insert-php-code-snippet/shortcode-handler.php(65) : eval()'d code(12): SimpleXMLElement->__construct('')
#1 /home/sitedevoins/public_html/wp-content/plugins/insert-php-code-snippet/shortcode-handler.php(65): eval()
#2 [internal function]: xyz_ips_display_content(Array, '', 'xyz-ips')
#3 /home/sitedevoins/public_html/wp-includes/shortcodes.php(319): call_user_func('xyz_ips_display...', Array, '', 'xyz-ips')
#4 [internal function]: do_shortcode_tag(Array)
#5 /home/sitedevoins/public_html/wp-includes/shortcodes.php(197): preg_replace_callback('/\\[(\\[?)(xyz\\-i...', 'do_shortcode_ta...', '[xyz-ips snippe...')
#6 /home/sitedevoins/public_html/wp-content/plugins/popup-builder/classes/SGShortcodePopup.php(49): do_shortcode('[xyz-ips snippe...')
#7 /home

2018-05-31T18:38:07+00:00 CRITICAL Uncaught exception 'Exception' with message 'String could not be parsed as XML' in /home/sitedevoins/public_html/wp-content/plugins/insert-php-code-snippet/shortcode-handler.php(65) : eval()'d code:12
Stack trace:
#0 /home/sitedevoins/public_html/wp-content/plugins/insert-php-code-snippet/shortcode-handler.php(65) : eval()'d code(12): SimpleXMLElement->__construct('')
#1 /home/sitedevoins/public_html/wp-content/plugins/insert-php-code-snippet/shortcode-handler.php(65): eval()
#2 [internal function]: xyz_ips_display_content(Array, '', 'xyz-ips')
#3 /home/sitedevoins/public_html/wp-includes/shortcodes.php(319): call_user_func('xyz_ips_display...', Array, '', 'xyz-ips')
#4 [internal function]: do_shortcode_tag(Array)
#5 /home/sitedevoins/public_html/wp-includes/shortcodes.php(197): preg_replace_callback('/\\[(\\[?)(xyz\\-i...', 'do_shortcode_ta...', '[xyz-ips snippe...')
#6 /home/sitedevoins/public_html/wp-content/plugins/popup-builder/classes/SGShortcodePopup.php(49): do_shortcode('[xyz-ips snippe...')
#7 /home

2018-05-31T18:39:39+00:00 CRITICAL Uncaught exception 'Exception' with message 'String could not be parsed as XML' in /home/sitedevoins/public_html/wp-content/plugins/insert-php-code-snippet/shortcode-handler.php(65) : eval()'d code:12
Stack trace:
#0 /home/sitedevoins/public_html/wp-content/plugins/insert-php-code-snippet/shortcode-handler.php(65) : eval()'d code(12): SimpleXMLElement->__construct('')
#1 /home/sitedevoins/public_html/wp-content/plugins/insert-php-code-snippet/shortcode-handler.php(65): eval()
#2 [internal function]: xyz_ips_display_content(Array, '', 'xyz-ips')
#3 /home/sitedevoins/public_html/wp-includes/shortcodes.php(319): call_user_func('xyz_ips_display...', Array, '', 'xyz-ips')
#4 [internal function]: do_shortcode_tag(Array)
#5 /home/sitedevoins/public_html/wp-includes/shortcodes.php(197): preg_replace_callback('/\\[(\\[?)(xyz\\-i...', 'do_shortcode_ta...', '[xyz-ips snippe...')
#6 /home/sitedevoins/public_html/wp-content/plugins/popup-builder/classes/SGShortcodePopup.php(49): do_shortcode('[xyz-ips snippe...')
#7 /home

2018-05-31T19:08:11+00:00 CRITICAL Uncaught exception 'Exception' with message 'String could not be parsed as XML' in /home/sitedevoins/public_html/wp-content/plugins/insert-php-code-snippet/shortcode-handler.php(65) : eval()'d code:12
Stack trace:
#0 /home/sitedevoins/public_html/wp-content/plugins/insert-php-code-snippet/shortcode-handler.php(65) : eval()'d code(12): SimpleXMLElement->__construct('')
#1 /home/sitedevoins/public_html/wp-content/plugins/insert-php-code-snippet/shortcode-handler.php(65): eval()
#2 [internal function]: xyz_ips_display_content(Array, '', 'xyz-ips')
#3 /home/sitedevoins/public_html/wp-includes/shortcodes.php(319): call_user_func('xyz_ips_display...', Array, '', 'xyz-ips')
#4 [internal function]: do_shortcode_tag(Array)
#5 /home/sitedevoins/public_html/wp-includes/shortcodes.php(197): preg_replace_callback('/\\[(\\[?)(xyz\\-i...', 'do_shortcode_ta...', '[xyz-ips snippe...')
#6 /home/sitedevoins/public_html/wp-content/plugins/popup-builder/classes/SGShortcodePopup.php(49): do_shortcode('[xyz-ips snippe...')
#7 /home

