2018-05-31T21:31:41+00:00 CRITICAL Uncaught exception 'Exception' with message 'String could not be parsed as XML' in /home/sitedevoins/public_html/wp-content/plugins/insert-php-code-snippet/shortcode-handler.php(65) : eval()'d code:12
Stack trace:
#0 /home/sitedevoins/public_html/wp-content/plugins/insert-php-code-snippet/shortcode-handler.php(65) : eval()'d code(12): SimpleXMLElement->__construct('')
#1 /home/sitedevoins/public_html/wp-content/plugins/insert-php-code-snippet/shortcode-handler.php(65): eval()
#2 [internal function]: xyz_ips_display_content(Array, '', 'xyz-ips')
#3 /home/sitedevoins/public_html/wp-includes/shortcodes.php(319): call_user_func('xyz_ips_display...', Array, '', 'xyz-ips')
#4 [internal function]: do_shortcode_tag(Array)
#5 /home/sitedevoins/public_html/wp-includes/shortcodes.php(197): preg_replace_callback('/\\[(\\[?)(xyz\\-i...', 'do_shortcode_ta...', '[xyz-ips snippe...')
#6 /home/sitedevoins/public_html/wp-content/plugins/popup-builder/classes/SGShortcodePopup.php(49): do_shortcode('[xyz-ips snippe...')
#7 /home

2018-05-31T22:27:18+00:00 CRITICAL Uncaught exception 'Exception' with message 'String could not be parsed as XML' in /home/sitedevoins/public_html/wp-content/plugins/insert-php-code-snippet/shortcode-handler.php(65) : eval()'d code:14
Stack trace:
#0 /home/sitedevoins/public_html/wp-content/plugins/insert-php-code-snippet/shortcode-handler.php(65) : eval()'d code(14): SimpleXMLElement->__construct('')
#1 /home/sitedevoins/public_html/wp-content/plugins/insert-php-code-snippet/shortcode-handler.php(65): eval()
#2 [internal function]: xyz_ips_display_content(Array, '', 'xyz-ips')
#3 /home/sitedevoins/public_html/wp-includes/shortcodes.php(319): call_user_func('xyz_ips_display...', Array, '', 'xyz-ips')
#4 [internal function]: do_shortcode_tag(Array)
#5 /home/sitedevoins/public_html/wp-includes/shortcodes.php(197): preg_replace_callback('/\\[(\\[?)(xyz\\-i...', 'do_shortcode_ta...', '[xyz-ips snippe...')
#6 /home/sitedevoins/public_html/wp-content/plugins/popup-builder/classes/SGShortcodePopup.php(49): do_shortcode('[xyz-ips snippe...')
#7 /home

2018-05-31T22:27:39+00:00 CRITICAL Uncaught exception 'Exception' with message 'String could not be parsed as XML' in /home/sitedevoins/public_html/wp-content/plugins/insert-php-code-snippet/shortcode-handler.php(65) : eval()'d code:14
Stack trace:
#0 /home/sitedevoins/public_html/wp-content/plugins/insert-php-code-snippet/shortcode-handler.php(65) : eval()'d code(14): SimpleXMLElement->__construct('')
#1 /home/sitedevoins/public_html/wp-content/plugins/insert-php-code-snippet/shortcode-handler.php(65): eval()
#2 [internal function]: xyz_ips_display_content(Array, '', 'xyz-ips')
#3 /home/sitedevoins/public_html/wp-includes/shortcodes.php(319): call_user_func('xyz_ips_display...', Array, '', 'xyz-ips')
#4 [internal function]: do_shortcode_tag(Array)
#5 /home/sitedevoins/public_html/wp-includes/shortcodes.php(197): preg_replace_callback('/\\[(\\[?)(xyz\\-i...', 'do_shortcode_ta...', '[xyz-ips snippe...')
#6 /home/sitedevoins/public_html/wp-content/plugins/popup-builder/classes/SGShortcodePopup.php(49): do_shortcode('[xyz-ips snippe...')
#7 /home

2018-05-31T22:28:32+00:00 CRITICAL Call to a member function children() on null

2018-05-31T22:29:32+00:00 CRITICAL Call to a member function children() on null

2018-05-31T22:29:35+00:00 CRITICAL Call to a member function children() on null

